29 Jan 2015 | 12:17:27,150 | INFO  | main | bootLogger |     | SmartFoxServer 2X
29 Jan 2015 | 12:17:27,169 | INFO  | main | bootLogger |     | BitSwarmEngine version: 3.30.1 { main }
29 Jan 2015 | 12:17:27,171 | INFO  | main | bootLogger |     | System Info:
	Processor(s): 4
	VM Max. memory: 885MB
	os.name: Windows 8
	os.arch: amd64
	os.version: 6.2
	java.version: 1.7.0_21
	java.vendor: Oracle Corporation
	java.vendor.url: http://java.oracle.com/
	java.vm.specification.version: 1.7
	java.vm.version: 23.21-b01
	java.vm.vendor: Oracle Corporation
	java.vm.name: Java HotSpot(TM) 64-Bit Server VM
	java.io.tmpdir: C:\Users\WoWoX~\AppData\Local\Temp\
	Default charset: UTF-8

29 Jan 2015 | 12:17:27,350 | INFO  | main | bootLogger |     | Network Info:
	Card: Software Loopback Interface 1
		 ->127.0.0.1
		 ->0:0:0:0:0:0:0:1
	Card: WAN Miniport (L2TP)
	Card: WAN Miniport (SSTP)
	Card: WAN Miniport (IKEv2)
	Card: WAN Miniport (PPTP)
	Card: WAN Miniport (PPPOE)
	Card: WAN Miniport (IP)
	Card: WAN Miniport (IPv6)
	Card: WAN Miniport (Network Monitor)
	Card: Microsoft Kernel Debug Network Adapter
	Card: RAS Async Adapter
	Card: Qualcomm Atheros AR9285 Wireless Network Adapter
		 ->192.168.1.4
		 ->2601:d:4e80:c7d:8d4a:e7b4:af52:6b89
		 ->2601:d:4e80:c7d:3004:8f96:3e1c:5de6
		 ->fe80:0:0:0:8d4a:e7b4:af52:6b89%12
	Card: Realtek PCIe GBE Family Controller
		 ->fe80:0:0:0:4a0:363c:5dd6:86d3%13
	Card: Microsoft Wi-Fi Direct Virtual Adapter
		 ->fe80:0:0:0:ac32:8ae2:604f:b3a2%14
	Card: Microsoft ISATAP Adapter
		 ->fe80:0:0:0:0:5efe:c0a8:d301%15
	Card: Teredo Tunneling Pseudo-Interface
		 ->2001:0:5ef5:79fd:2cb2:752:3f57:fefb
		 ->fe80:0:0:0:2cb2:752:3f57:fefb%16
	Card: TAP-Win32 Adapter V9
		 ->fe80:0:0:0:507f:580f:f0b2:b886%17
	Card: Microsoft ISATAP Adapter #2
		 ->fe80:0:0:0:0:5efe:c0a8:bb01%18
	Card: Microsoft ISATAP Adapter #3
		 ->fe80:0:0:0:0:5efe:c0a8:104%19
	Card: VMware Virtual Ethernet Adapter for VMnet1
		 ->192.168.187.1
		 ->fe80:0:0:0:803f:ebc6:aa0c:d35b%20
	Card: VMware Virtual Ethernet Adapter for VMnet8
		 ->192.168.211.1
		 ->fe80:0:0:0:1c6c:8f4:cd55:ac72%21
	Card: Microsoft ISATAP Adapter #4
	Card: Microsoft ISATAP Adapter #5
	Card: Microsoft ISATAP Adapter #6
	Card: WAN Miniport (IP)-QoS Packet Scheduler-0000
	Card: TAP-Win32 Adapter V9-QoS Packet Scheduler-0000
	Card: TAP-Win32 Adapter V9-WFP 802.3 MAC Layer LightWeight Filter-0000
	Card: TAP-Win32 Adapter V9-WFP Native MAC Layer LightWeight Filter-0000
	Card: Realtek PCIe GBE Family Controller-QoS Packet Scheduler-0000
	Card: Realtek PCIe GBE Family Controller-WFP 802.3 MAC Layer LightWeight Filter-0000
	Card: Realtek PCIe GBE Family Controller-WFP Native MAC Layer LightWeight Filter-0000
	Card: WAN Miniport (IPv6)-QoS Packet Scheduler-0000
	Card: Qualcomm Atheros AR9285 Wireless Network Adapter-Virtual WiFi Filter Driver-0000
	Card: Qualcomm Atheros AR9285 Wireless Network Adapter-QoS Packet Scheduler-0000
	Card: Qualcomm Atheros AR9285 Wireless Network Adapter-WFP 802.3 MAC Layer LightWeight Filter-0000
	Card: Qualcomm Atheros AR9285 Wireless Network Adapter-WFP Native MAC Layer LightWeight Filter-0000
	Card: WAN Miniport (Network Monitor)-QoS Packet Scheduler-0000
	Card: Qualcomm Atheros AR9285 Wireless Network Adapter-Native WiFi Filter Driver-0000
	Card: Microsoft Wi-Fi Direct Virtual Adapter-Native WiFi Filter Driver-0000
	Card: Microsoft Wi-Fi Direct Virtual Adapter-QoS Packet Scheduler-0000
	Card: Microsoft Wi-Fi Direct Virtual Adapter-WFP 802.3 MAC Layer LightWeight Filter-0000
	Card: Microsoft Wi-Fi Direct Virtual Adapter-WFP Native MAC Layer LightWeight Filter-0000

29 Jan 2015 | 12:17:27,350 | INFO  | main | bootLogger |     | Session manager ready: com.smartfoxserver.bitswarm.sessions.DefaultSessionManager@3ec06d57
29 Jan 2015 | 12:17:27,384 | INFO  | main | bootLogger |     | TCP Selector opened
29 Jan 2015 | 12:17:27,393 | INFO  | main | bootLogger |     | UDP Selector opened
29 Jan 2015 | 12:17:27,396 | INFO  | main | bootLogger |     | AcceptSelector opened
29 Jan 2015 | 12:17:27,405 | INFO  | main | bootLogger |     | Added bound tcp socket --> 0.0.0.0:9933
29 Jan 2015 | 12:17:27,408 | INFO  | main | bootLogger |     | Added bound udp socket --> 127.0.0.1:9933
29 Jan 2015 | 12:17:27,408 | INFO  | main | bootLogger |     | Controller started: com.smartfoxserver.v2.controllers.v290.SystemReqController 
29 Jan 2015 | 12:17:27,408 | INFO  | main | bootLogger |     | Controller started: com.smartfoxserver.v2.controllers.v290.SmasherReqController 
29 Jan 2015 | 12:17:27,408 | INFO  | main | bootLogger |     | Controller started: com.smartfoxserver.v2.controllers.v290.ExtensionReqController 
29 Jan 2015 | 12:17:27,409 | INFO  | main | bootLogger |     | IOHandler: com.smartfoxserver.v2.protocol.SFSIoHandler@27bbf6b4
29 Jan 2015 | 12:17:27,409 | INFO  | main | bootLogger |     | SocketReader started
29 Jan 2015 | 12:17:27,409 | INFO  | main | bootLogger |     | SocketAcceptor initialized
29 Jan 2015 | 12:17:27,414 | INFO  | main | bootLogger |     | Socket Writer started (pool size:3)
29 Jan 2015 | 12:17:27,415 | INFO  | main | bootLogger |     | DatagramReader started
29 Jan 2015 | 12:17:27,415 | INFO  | Scheduler1-thread-1 | bootLogger |     | Scheduler started: scheduler
29 Jan 2015 | 12:17:27,416 | INFO  | main | bootLogger |     | Security Manager started
29 Jan 2015 | 12:17:27,420 | INFO  | main | bootLogger |     | [[[ ===--- Boot sequence complete ---=== ]]]
29 Jan 2015 | 12:19:15,308 | INFO  | main | bootLogger |     | SmartFoxServer 2X
29 Jan 2015 | 12:19:15,308 | INFO  | main | bootLogger |     | BitSwarmEngine version: 3.30.1 { main }
29 Jan 2015 | 12:19:15,308 | INFO  | main | bootLogger |     | System Info:
	Processor(s): 4
	VM Max. memory: 885MB
	os.name: Windows 8
	os.arch: amd64
	os.version: 6.2
	java.version: 1.7.0_21
	java.vendor: Oracle Corporation
	java.vendor.url: http://java.oracle.com/
	java.vm.specification.version: 1.7
	java.vm.version: 23.21-b01
	java.vm.vendor: Oracle Corporation
	java.vm.name: Java HotSpot(TM) 64-Bit Server VM
	java.io.tmpdir: C:\Users\WoWoX~\AppData\Local\Temp\
	Default charset: UTF-8

29 Jan 2015 | 12:19:15,464 | INFO  | main | bootLogger |     | Network Info:
	Card: Software Loopback Interface 1
		 ->127.0.0.1
		 ->0:0:0:0:0:0:0:1
	Card: WAN Miniport (L2TP)
	Card: WAN Miniport (SSTP)
	Card: WAN Miniport (IKEv2)
	Card: WAN Miniport (PPTP)
	Card: WAN Miniport (PPPOE)
	Card: WAN Miniport (IP)
	Card: WAN Miniport (IPv6)
	Card: WAN Miniport (Network Monitor)
	Card: Microsoft Kernel Debug Network Adapter
	Card: RAS Async Adapter
	Card: Qualcomm Atheros AR9285 Wireless Network Adapter
		 ->192.168.1.4
		 ->2601:d:4e80:c7d:8d4a:e7b4:af52:6b89
		 ->2601:d:4e80:c7d:3004:8f96:3e1c:5de6
		 ->fe80:0:0:0:8d4a:e7b4:af52:6b89%12
	Card: Realtek PCIe GBE Family Controller
		 ->fe80:0:0:0:4a0:363c:5dd6:86d3%13
	Card: Microsoft Wi-Fi Direct Virtual Adapter
		 ->fe80:0:0:0:ac32:8ae2:604f:b3a2%14
	Card: Microsoft ISATAP Adapter
		 ->fe80:0:0:0:0:5efe:c0a8:d301%15
	Card: Teredo Tunneling Pseudo-Interface
		 ->2001:0:5ef5:79fd:2cb2:752:3f57:fefb
		 ->fe80:0:0:0:2cb2:752:3f57:fefb%16
	Card: TAP-Win32 Adapter V9
		 ->fe80:0:0:0:507f:580f:f0b2:b886%17
	Card: Microsoft ISATAP Adapter #2
		 ->fe80:0:0:0:0:5efe:c0a8:bb01%18
	Card: Microsoft ISATAP Adapter #3
		 ->fe80:0:0:0:0:5efe:c0a8:104%19
	Card: VMware Virtual Ethernet Adapter for VMnet1
		 ->192.168.187.1
		 ->fe80:0:0:0:803f:ebc6:aa0c:d35b%20
	Card: VMware Virtual Ethernet Adapter for VMnet8
		 ->192.168.211.1
		 ->fe80:0:0:0:1c6c:8f4:cd55:ac72%21
	Card: Microsoft ISATAP Adapter #4
	Card: Microsoft ISATAP Adapter #5
	Card: Microsoft ISATAP Adapter #6
	Card: WAN Miniport (IP)-QoS Packet Scheduler-0000
	Card: TAP-Win32 Adapter V9-QoS Packet Scheduler-0000
	Card: TAP-Win32 Adapter V9-WFP 802.3 MAC Layer LightWeight Filter-0000
	Card: TAP-Win32 Adapter V9-WFP Native MAC Layer LightWeight Filter-0000
	Card: Realtek PCIe GBE Family Controller-QoS Packet Scheduler-0000
	Card: Realtek PCIe GBE Family Controller-WFP 802.3 MAC Layer LightWeight Filter-0000
	Card: Realtek PCIe GBE Family Controller-WFP Native MAC Layer LightWeight Filter-0000
	Card: WAN Miniport (IPv6)-QoS Packet Scheduler-0000
	Card: Qualcomm Atheros AR9285 Wireless Network Adapter-Virtual WiFi Filter Driver-0000
	Card: Qualcomm Atheros AR9285 Wireless Network Adapter-QoS Packet Scheduler-0000
	Card: Qualcomm Atheros AR9285 Wireless Network Adapter-WFP 802.3 MAC Layer LightWeight Filter-0000
	Card: Qualcomm Atheros AR9285 Wireless Network Adapter-WFP Native MAC Layer LightWeight Filter-0000
	Card: WAN Miniport (Network Monitor)-QoS Packet Scheduler-0000
	Card: Qualcomm Atheros AR9285 Wireless Network Adapter-Native WiFi Filter Driver-0000
	Card: Microsoft Wi-Fi Direct Virtual Adapter-Native WiFi Filter Driver-0000
	Card: Microsoft Wi-Fi Direct Virtual Adapter-QoS Packet Scheduler-0000
	Card: Microsoft Wi-Fi Direct Virtual Adapter-WFP 802.3 MAC Layer LightWeight Filter-0000
	Card: Microsoft Wi-Fi Direct Virtual Adapter-WFP Native MAC Layer LightWeight Filter-0000

29 Jan 2015 | 12:19:15,480 | INFO  | main | bootLogger |     | Session manager ready: com.smartfoxserver.bitswarm.sessions.DefaultSessionManager@6ea518b6
29 Jan 2015 | 12:19:15,495 | INFO  | main | bootLogger |     | TCP Selector opened
29 Jan 2015 | 12:19:15,495 | INFO  | main | bootLogger |     | UDP Selector opened
29 Jan 2015 | 12:19:15,511 | INFO  | main | bootLogger |     | AcceptSelector opened
29 Jan 2015 | 12:19:15,511 | INFO  | main | bootLogger |     | Added bound tcp socket --> 0.0.0.0:9933
29 Jan 2015 | 12:19:15,511 | INFO  | main | bootLogger |     | Added bound udp socket --> 127.0.0.1:9933
29 Jan 2015 | 12:19:15,511 | INFO  | main | bootLogger |     | Controller started: com.smartfoxserver.v2.controllers.v290.SystemReqController 
29 Jan 2015 | 12:19:15,511 | INFO  | main | bootLogger |     | Controller started: com.smartfoxserver.v2.controllers.v290.SmasherReqController 
29 Jan 2015 | 12:19:15,511 | INFO  | main | bootLogger |     | Controller started: com.smartfoxserver.v2.controllers.v290.ExtensionReqController 
29 Jan 2015 | 12:19:15,511 | INFO  | main | bootLogger |     | IOHandler: com.smartfoxserver.v2.protocol.SFSIoHandler@2856645f
29 Jan 2015 | 12:19:15,511 | INFO  | main | bootLogger |     | SocketReader started
29 Jan 2015 | 12:19:15,511 | INFO  | main | bootLogger |     | SocketAcceptor initialized
29 Jan 2015 | 12:19:15,511 | INFO  | main | bootLogger |     | Socket Writer started (pool size:3)
29 Jan 2015 | 12:19:15,511 | INFO  | main | bootLogger |     | DatagramReader started
29 Jan 2015 | 12:19:15,511 | INFO  | Scheduler1-thread-1 | bootLogger |     | Scheduler started: scheduler
29 Jan 2015 | 12:19:15,527 | INFO  | main | bootLogger |     | Security Manager started
29 Jan 2015 | 12:19:15,530 | INFO  | main | bootLogger |     | [[[ ===--- Boot sequence complete ---=== ]]]
29 Jan 2015 | 12:22:22,248 | INFO  | main | bootLogger |     | SmartFoxServer 2X
29 Jan 2015 | 12:22:22,248 | INFO  | main | bootLogger |     | BitSwarmEngine version: 3.30.1 { main }
29 Jan 2015 | 12:22:22,264 | INFO  | main | bootLogger |     | System Info:
	Processor(s): 4
	VM Max. memory: 885MB
	os.name: Windows 8
	os.arch: amd64
	os.version: 6.2
	java.version: 1.7.0_21
	java.vendor: Oracle Corporation
	java.vendor.url: http://java.oracle.com/
	java.vm.specification.version: 1.7
	java.vm.version: 23.21-b01
	java.vm.vendor: Oracle Corporation
	java.vm.name: Java HotSpot(TM) 64-Bit Server VM
	java.io.tmpdir: C:\Users\WoWoX~\AppData\Local\Temp\
	Default charset: UTF-8

29 Jan 2015 | 12:22:22,420 | INFO  | main | bootLogger |     | Network Info:
	Card: Software Loopback Interface 1
		 ->127.0.0.1
		 ->0:0:0:0:0:0:0:1
	Card: WAN Miniport (L2TP)
	Card: WAN Miniport (SSTP)
	Card: WAN Miniport (IKEv2)
	Card: WAN Miniport (PPTP)
	Card: WAN Miniport (PPPOE)
	Card: WAN Miniport (IP)
	Card: WAN Miniport (IPv6)
	Card: WAN Miniport (Network Monitor)
	Card: Microsoft Kernel Debug Network Adapter
	Card: RAS Async Adapter
	Card: Qualcomm Atheros AR9285 Wireless Network Adapter
		 ->192.168.1.4
		 ->2601:d:4e80:c7d:8d4a:e7b4:af52:6b89
		 ->2601:d:4e80:c7d:3004:8f96:3e1c:5de6
		 ->fe80:0:0:0:8d4a:e7b4:af52:6b89%12
	Card: Realtek PCIe GBE Family Controller
		 ->fe80:0:0:0:4a0:363c:5dd6:86d3%13
	Card: Microsoft Wi-Fi Direct Virtual Adapter
		 ->fe80:0:0:0:ac32:8ae2:604f:b3a2%14
	Card: Microsoft ISATAP Adapter
		 ->fe80:0:0:0:0:5efe:c0a8:d301%15
	Card: Teredo Tunneling Pseudo-Interface
		 ->2001:0:5ef5:79fd:2cb2:752:3f57:fefb
		 ->fe80:0:0:0:2cb2:752:3f57:fefb%16
	Card: TAP-Win32 Adapter V9
		 ->fe80:0:0:0:507f:580f:f0b2:b886%17
	Card: Microsoft ISATAP Adapter #2
		 ->fe80:0:0:0:0:5efe:c0a8:bb01%18
	Card: Microsoft ISATAP Adapter #3
		 ->fe80:0:0:0:0:5efe:c0a8:104%19
	Card: VMware Virtual Ethernet Adapter for VMnet1
		 ->192.168.187.1
		 ->fe80:0:0:0:803f:ebc6:aa0c:d35b%20
	Card: VMware Virtual Ethernet Adapter for VMnet8
		 ->192.168.211.1
		 ->fe80:0:0:0:1c6c:8f4:cd55:ac72%21
	Card: Microsoft ISATAP Adapter #4
	Card: Microsoft ISATAP Adapter #5
	Card: Microsoft ISATAP Adapter #6
	Card: WAN Miniport (IP)-QoS Packet Scheduler-0000
	Card: TAP-Win32 Adapter V9-QoS Packet Scheduler-0000
	Card: TAP-Win32 Adapter V9-WFP 802.3 MAC Layer LightWeight Filter-0000
	Card: TAP-Win32 Adapter V9-WFP Native MAC Layer LightWeight Filter-0000
	Card: Realtek PCIe GBE Family Controller-QoS Packet Scheduler-0000
	Card: Realtek PCIe GBE Family Controller-WFP 802.3 MAC Layer LightWeight Filter-0000
	Card: Realtek PCIe GBE Family Controller-WFP Native MAC Layer LightWeight Filter-0000
	Card: WAN Miniport (IPv6)-QoS Packet Scheduler-0000
	Card: Qualcomm Atheros AR9285 Wireless Network Adapter-Virtual WiFi Filter Driver-0000
	Card: Qualcomm Atheros AR9285 Wireless Network Adapter-QoS Packet Scheduler-0000
	Card: Qualcomm Atheros AR9285 Wireless Network Adapter-WFP 802.3 MAC Layer LightWeight Filter-0000
	Card: Qualcomm Atheros AR9285 Wireless Network Adapter-WFP Native MAC Layer LightWeight Filter-0000
	Card: WAN Miniport (Network Monitor)-QoS Packet Scheduler-0000
	Card: Qualcomm Atheros AR9285 Wireless Network Adapter-Native WiFi Filter Driver-0000
	Card: Microsoft Wi-Fi Direct Virtual Adapter-Native WiFi Filter Driver-0000
	Card: Microsoft Wi-Fi Direct Virtual Adapter-QoS Packet Scheduler-0000
	Card: Microsoft Wi-Fi Direct Virtual Adapter-WFP 802.3 MAC Layer LightWeight Filter-0000
	Card: Microsoft Wi-Fi Direct Virtual Adapter-WFP Native MAC Layer LightWeight Filter-0000

29 Jan 2015 | 12:22:22,436 | INFO  | main | bootLogger |     | Session manager ready: com.smartfoxserver.bitswarm.sessions.DefaultSessionManager@16f650e5
29 Jan 2015 | 12:22:22,451 | INFO  | main | bootLogger |     | TCP Selector opened
29 Jan 2015 | 12:22:22,451 | INFO  | main | bootLogger |     | UDP Selector opened
29 Jan 2015 | 12:22:22,467 | INFO  | main | bootLogger |     | AcceptSelector opened
29 Jan 2015 | 12:22:22,467 | INFO  | main | bootLogger |     | Added bound tcp socket --> 0.0.0.0:9933
29 Jan 2015 | 12:22:22,467 | INFO  | main | bootLogger |     | Added bound udp socket --> 127.0.0.1:9933
29 Jan 2015 | 12:22:22,467 | INFO  | main | bootLogger |     | Controller started: com.smartfoxserver.v2.controllers.v290.SystemReqController 
29 Jan 2015 | 12:22:22,467 | INFO  | main | bootLogger |     | Controller started: com.smartfoxserver.v2.controllers.v290.SmasherReqController 
29 Jan 2015 | 12:22:22,467 | INFO  | main | bootLogger |     | Controller started: com.smartfoxserver.v2.controllers.v290.ExtensionReqController 
29 Jan 2015 | 12:22:22,467 | INFO  | main | bootLogger |     | IOHandler: com.smartfoxserver.v2.protocol.SFSIoHandler@286d3d63
29 Jan 2015 | 12:22:22,467 | INFO  | main | bootLogger |     | SocketReader started
29 Jan 2015 | 12:22:22,467 | INFO  | main | bootLogger |     | SocketAcceptor initialized
29 Jan 2015 | 12:22:22,467 | INFO  | main | bootLogger |     | Socket Writer started (pool size:3)
29 Jan 2015 | 12:22:22,483 | INFO  | main | bootLogger |     | DatagramReader started
29 Jan 2015 | 12:22:22,483 | INFO  | Scheduler1-thread-1 | bootLogger |     | Scheduler started: scheduler
29 Jan 2015 | 12:22:22,484 | INFO  | main | bootLogger |     | Security Manager started
29 Jan 2015 | 12:22:22,486 | INFO  | main | bootLogger |     | [[[ ===--- Boot sequence complete ---=== ]]]
29 Jan 2015 | 12:23:46,117 | INFO  | main | bootLogger |     | SmartFoxServer 2X
29 Jan 2015 | 12:23:46,149 | INFO  | main | bootLogger |     | BitSwarmEngine version: 3.30.1 { main }
29 Jan 2015 | 12:23:46,149 | INFO  | main | bootLogger |     | System Info:
	Processor(s): 4
	VM Max. memory: 885MB
	os.name: Windows 8
	os.arch: amd64
	os.version: 6.2
	java.version: 1.7.0_21
	java.vendor: Oracle Corporation
	java.vendor.url: http://java.oracle.com/
	java.vm.specification.version: 1.7
	java.vm.version: 23.21-b01
	java.vm.vendor: Oracle Corporation
	java.vm.name: Java HotSpot(TM) 64-Bit Server VM
	java.io.tmpdir: C:\Users\WoWoX~\AppData\Local\Temp\
	Default charset: UTF-8

29 Jan 2015 | 12:23:46,336 | INFO  | main | bootLogger |     | Network Info:
	Card: Software Loopback Interface 1
		 ->127.0.0.1
		 ->0:0:0:0:0:0:0:1
	Card: WAN Miniport (L2TP)
	Card: WAN Miniport (SSTP)
	Card: WAN Miniport (IKEv2)
	Card: WAN Miniport (PPTP)
	Card: WAN Miniport (PPPOE)
	Card: WAN Miniport (IP)
	Card: WAN Miniport (IPv6)
	Card: WAN Miniport (Network Monitor)
	Card: Microsoft Kernel Debug Network Adapter
	Card: RAS Async Adapter
	Card: Qualcomm Atheros AR9285 Wireless Network Adapter
		 ->192.168.1.4
		 ->2601:d:4e80:c7d:8d4a:e7b4:af52:6b89
		 ->2601:d:4e80:c7d:3004:8f96:3e1c:5de6
		 ->fe80:0:0:0:8d4a:e7b4:af52:6b89%12
	Card: Realtek PCIe GBE Family Controller
		 ->fe80:0:0:0:4a0:363c:5dd6:86d3%13
	Card: Microsoft Wi-Fi Direct Virtual Adapter
		 ->fe80:0:0:0:ac32:8ae2:604f:b3a2%14
	Card: Microsoft ISATAP Adapter
		 ->fe80:0:0:0:0:5efe:c0a8:d301%15
	Card: Teredo Tunneling Pseudo-Interface
		 ->2001:0:5ef5:79fd:2cb2:752:3f57:fefb
		 ->fe80:0:0:0:2cb2:752:3f57:fefb%16
	Card: TAP-Win32 Adapter V9
		 ->fe80:0:0:0:507f:580f:f0b2:b886%17
	Card: Microsoft ISATAP Adapter #2
		 ->fe80:0:0:0:0:5efe:c0a8:bb01%18
	Card: Microsoft ISATAP Adapter #3
		 ->fe80:0:0:0:0:5efe:c0a8:104%19
	Card: VMware Virtual Ethernet Adapter for VMnet1
		 ->192.168.187.1
		 ->fe80:0:0:0:803f:ebc6:aa0c:d35b%20
	Card: VMware Virtual Ethernet Adapter for VMnet8
		 ->192.168.211.1
		 ->fe80:0:0:0:1c6c:8f4:cd55:ac72%21
	Card: Microsoft ISATAP Adapter #4
	Card: Microsoft ISATAP Adapter #5
	Card: Microsoft ISATAP Adapter #6
	Card: WAN Miniport (IP)-QoS Packet Scheduler-0000
	Card: TAP-Win32 Adapter V9-QoS Packet Scheduler-0000
	Card: TAP-Win32 Adapter V9-WFP 802.3 MAC Layer LightWeight Filter-0000
	Card: TAP-Win32 Adapter V9-WFP Native MAC Layer LightWeight Filter-0000
	Card: Realtek PCIe GBE Family Controller-QoS Packet Scheduler-0000
	Card: Realtek PCIe GBE Family Controller-WFP 802.3 MAC Layer LightWeight Filter-0000
	Card: Realtek PCIe GBE Family Controller-WFP Native MAC Layer LightWeight Filter-0000
	Card: WAN Miniport (IPv6)-QoS Packet Scheduler-0000
	Card: Qualcomm Atheros AR9285 Wireless Network Adapter-Virtual WiFi Filter Driver-0000
	Card: Qualcomm Atheros AR9285 Wireless Network Adapter-QoS Packet Scheduler-0000
	Card: Qualcomm Atheros AR9285 Wireless Network Adapter-WFP 802.3 MAC Layer LightWeight Filter-0000
	Card: Qualcomm Atheros AR9285 Wireless Network Adapter-WFP Native MAC Layer LightWeight Filter-0000
	Card: WAN Miniport (Network Monitor)-QoS Packet Scheduler-0000
	Card: Qualcomm Atheros AR9285 Wireless Network Adapter-Native WiFi Filter Driver-0000
	Card: Microsoft Wi-Fi Direct Virtual Adapter-Native WiFi Filter Driver-0000
	Card: Microsoft Wi-Fi Direct Virtual Adapter-QoS Packet Scheduler-0000
	Card: Microsoft Wi-Fi Direct Virtual Adapter-WFP 802.3 MAC Layer LightWeight Filter-0000
	Card: Microsoft Wi-Fi Direct Virtual Adapter-WFP Native MAC Layer LightWeight Filter-0000

29 Jan 2015 | 12:23:46,336 | INFO  | main | bootLogger |     | Session manager ready: com.smartfoxserver.bitswarm.sessions.DefaultSessionManager@555b40a1
29 Jan 2015 | 12:23:46,352 | INFO  | main | bootLogger |     | TCP Selector opened
29 Jan 2015 | 12:23:46,367 | INFO  | main | bootLogger |     | UDP Selector opened
29 Jan 2015 | 12:23:46,383 | INFO  | main | bootLogger |     | AcceptSelector opened
29 Jan 2015 | 12:23:46,383 | INFO  | main | bootLogger |     | Added bound tcp socket --> 0.0.0.0:9933
29 Jan 2015 | 12:23:46,383 | INFO  | main | bootLogger |     | Added bound udp socket --> 127.0.0.1:9933
29 Jan 2015 | 12:23:46,383 | INFO  | main | bootLogger |     | Controller started: com.smartfoxserver.v2.controllers.v290.SystemReqController 
29 Jan 2015 | 12:23:46,383 | INFO  | main | bootLogger |     | Controller started: com.smartfoxserver.v2.controllers.v290.SmasherReqController 
29 Jan 2015 | 12:23:46,383 | INFO  | main | bootLogger |     | Controller started: com.smartfoxserver.v2.controllers.v290.ExtensionReqController 
29 Jan 2015 | 12:23:46,383 | INFO  | main | bootLogger |     | IOHandler: com.smartfoxserver.v2.protocol.SFSIoHandler@4e7ab839
29 Jan 2015 | 12:23:46,383 | INFO  | main | bootLogger |     | SocketReader started
29 Jan 2015 | 12:23:46,383 | INFO  | main | bootLogger |     | SocketAcceptor initialized
29 Jan 2015 | 12:23:46,399 | INFO  | main | bootLogger |     | Socket Writer started (pool size:3)
29 Jan 2015 | 12:23:46,399 | INFO  | main | bootLogger |     | DatagramReader started
29 Jan 2015 | 12:23:46,400 | INFO  | Scheduler1-thread-1 | bootLogger |     | Scheduler started: scheduler
29 Jan 2015 | 12:23:46,401 | INFO  | main | bootLogger |     | Security Manager started
29 Jan 2015 | 12:23:46,403 | INFO  | main | bootLogger |     | [[[ ===--- Boot sequence complete ---=== ]]]
29 Jan 2015 | 12:40:42,632 | INFO  | main | bootLogger |     | SmartFoxServer 2X
29 Jan 2015 | 12:40:42,633 | INFO  | main | bootLogger |     | BitSwarmEngine version: 3.30.1 { main }
29 Jan 2015 | 12:40:42,634 | INFO  | main | bootLogger |     | System Info:
	Processor(s): 4
	VM Max. memory: 885MB
	os.name: Windows 8
	os.arch: amd64
	os.version: 6.2
	java.version: 1.7.0_21
	java.vendor: Oracle Corporation
	java.vendor.url: http://java.oracle.com/
	java.vm.specification.version: 1.7
	java.vm.version: 23.21-b01
	java.vm.vendor: Oracle Corporation
	java.vm.name: Java HotSpot(TM) 64-Bit Server VM
	java.io.tmpdir: C:\Users\WoWoX~\AppData\Local\Temp\
	Default charset: UTF-8

29 Jan 2015 | 12:40:42,800 | INFO  | main | bootLogger |     | Network Info:
	Card: Software Loopback Interface 1
		 ->127.0.0.1
		 ->0:0:0:0:0:0:0:1
	Card: WAN Miniport (L2TP)
	Card: WAN Miniport (SSTP)
	Card: WAN Miniport (IKEv2)
	Card: WAN Miniport (PPTP)
	Card: WAN Miniport (PPPOE)
	Card: WAN Miniport (IP)
	Card: WAN Miniport (IPv6)
	Card: WAN Miniport (Network Monitor)
	Card: Microsoft Kernel Debug Network Adapter
	Card: RAS Async Adapter
	Card: Qualcomm Atheros AR9285 Wireless Network Adapter
		 ->192.168.1.4
		 ->2601:d:4e80:c7d:8d4a:e7b4:af52:6b89
		 ->2601:d:4e80:c7d:3004:8f96:3e1c:5de6
		 ->fe80:0:0:0:8d4a:e7b4:af52:6b89%12
	Card: Realtek PCIe GBE Family Controller
		 ->fe80:0:0:0:4a0:363c:5dd6:86d3%13
	Card: Microsoft Wi-Fi Direct Virtual Adapter
		 ->fe80:0:0:0:ac32:8ae2:604f:b3a2%14
	Card: Microsoft ISATAP Adapter
		 ->fe80:0:0:0:0:5efe:c0a8:d301%15
	Card: Teredo Tunneling Pseudo-Interface
		 ->2001:0:5ef5:79fd:2cb2:752:3f57:fefb
		 ->fe80:0:0:0:2cb2:752:3f57:fefb%16
	Card: TAP-Win32 Adapter V9
		 ->fe80:0:0:0:507f:580f:f0b2:b886%17
	Card: Microsoft ISATAP Adapter #2
		 ->fe80:0:0:0:0:5efe:c0a8:bb01%18
	Card: Microsoft ISATAP Adapter #3
		 ->fe80:0:0:0:0:5efe:c0a8:104%19
	Card: VMware Virtual Ethernet Adapter for VMnet1
		 ->192.168.187.1
		 ->fe80:0:0:0:803f:ebc6:aa0c:d35b%20
	Card: VMware Virtual Ethernet Adapter for VMnet8
		 ->192.168.211.1
		 ->fe80:0:0:0:1c6c:8f4:cd55:ac72%21
	Card: Microsoft ISATAP Adapter #4
	Card: Microsoft ISATAP Adapter #5
	Card: Microsoft ISATAP Adapter #6
	Card: WAN Miniport (IP)-QoS Packet Scheduler-0000
	Card: TAP-Win32 Adapter V9-QoS Packet Scheduler-0000
	Card: TAP-Win32 Adapter V9-WFP 802.3 MAC Layer LightWeight Filter-0000
	Card: TAP-Win32 Adapter V9-WFP Native MAC Layer LightWeight Filter-0000
	Card: Realtek PCIe GBE Family Controller-QoS Packet Scheduler-0000
	Card: Realtek PCIe GBE Family Controller-WFP 802.3 MAC Layer LightWeight Filter-0000
	Card: Realtek PCIe GBE Family Controller-WFP Native MAC Layer LightWeight Filter-0000
	Card: WAN Miniport (IPv6)-QoS Packet Scheduler-0000
	Card: Qualcomm Atheros AR9285 Wireless Network Adapter-Virtual WiFi Filter Driver-0000
	Card: Qualcomm Atheros AR9285 Wireless Network Adapter-QoS Packet Scheduler-0000
	Card: Qualcomm Atheros AR9285 Wireless Network Adapter-WFP 802.3 MAC Layer LightWeight Filter-0000
	Card: Qualcomm Atheros AR9285 Wireless Network Adapter-WFP Native MAC Layer LightWeight Filter-0000
	Card: WAN Miniport (Network Monitor)-QoS Packet Scheduler-0000
	Card: Qualcomm Atheros AR9285 Wireless Network Adapter-Native WiFi Filter Driver-0000
	Card: Microsoft Wi-Fi Direct Virtual Adapter-Native WiFi Filter Driver-0000
	Card: Microsoft Wi-Fi Direct Virtual Adapter-QoS Packet Scheduler-0000
	Card: Microsoft Wi-Fi Direct Virtual Adapter-WFP 802.3 MAC Layer LightWeight Filter-0000
	Card: Microsoft Wi-Fi Direct Virtual Adapter-WFP Native MAC Layer LightWeight Filter-0000

29 Jan 2015 | 12:40:42,807 | INFO  | main | bootLogger |     | Session manager ready: com.smartfoxserver.bitswarm.sessions.DefaultSessionManager@357eb194
29 Jan 2015 | 12:40:42,825 | INFO  | main | bootLogger |     | TCP Selector opened
29 Jan 2015 | 12:40:42,833 | INFO  | main | bootLogger |     | UDP Selector opened
29 Jan 2015 | 12:40:42,837 | INFO  | main | bootLogger |     | AcceptSelector opened
29 Jan 2015 | 12:40:42,842 | INFO  | main | bootLogger |     | Added bound tcp socket --> 0.0.0.0:9933
29 Jan 2015 | 12:40:42,844 | INFO  | main | bootLogger |     | Added bound udp socket --> 127.0.0.1:9933
29 Jan 2015 | 12:40:42,844 | INFO  | main | bootLogger |     | Controller started: com.smartfoxserver.v2.controllers.v290.SystemReqController 
29 Jan 2015 | 12:40:42,844 | INFO  | main | bootLogger |     | Controller started: com.smartfoxserver.v2.controllers.v290.SmasherReqController 
29 Jan 2015 | 12:40:42,844 | INFO  | main | bootLogger |     | Controller started: com.smartfoxserver.v2.controllers.v290.ExtensionReqController 
29 Jan 2015 | 12:40:42,845 | INFO  | main | bootLogger |     | IOHandler: com.smartfoxserver.v2.protocol.SFSIoHandler@8d2e319
29 Jan 2015 | 12:40:42,845 | INFO  | main | bootLogger |     | SocketReader started
29 Jan 2015 | 12:40:42,845 | INFO  | main | bootLogger |     | SocketAcceptor initialized
29 Jan 2015 | 12:40:42,849 | INFO  | main | bootLogger |     | Socket Writer started (pool size:3)
29 Jan 2015 | 12:40:42,850 | INFO  | main | bootLogger |     | DatagramReader started
29 Jan 2015 | 12:40:42,850 | INFO  | Scheduler1-thread-1 | bootLogger |     | Scheduler started: scheduler
29 Jan 2015 | 12:40:42,851 | INFO  | main | bootLogger |     | Security Manager started
29 Jan 2015 | 12:40:42,853 | INFO  | main | bootLogger |     | [[[ ===--- Boot sequence complete ---=== ]]]
