0:0:0:0:0:0:0:1 -  -  [29/Jan/2015:01:47:57 +0000] "GET /admin/ HTTP/1.1" 200 5560 
0:0:0:0:0:0:0:1 -  -  [29/Jan/2015:01:47:57 +0000] "GET /admin/swfobject.js HTTP/1.1" 200 25574 
0:0:0:0:0:0:0:1 -  -  [29/Jan/2015:01:47:57 +0000] "GET /admin/AdminTool.swf?v=1.5.0 HTTP/1.1" 200 656451 
0:0:0:0:0:0:0:1 -  -  [29/Jan/2015:01:47:57 +0000] "GET /favicon.ico HTTP/1.1" 200 1150 
0:0:0:0:0:0:0:1 -  -  [29/Jan/2015:01:47:59 +0000] "GET /admin/modules/config.xml?v=1.5.0 HTTP/1.1" 200 1442 
0:0:0:0:0:0:0:1 -  -  [29/Jan/2015:01:48:28 +0000] "GET /admin/modules/Dashboard/Dashboard.swf?v=1.5.0 HTTP/1.1" 200 185924 
0:0:0:0:0:0:0:1 -  -  [29/Jan/2015:01:48:28 +0000] "GET /admin/modules/Dashboard/icon.png HTTP/1.1" 200 5792 
0:0:0:0:0:0:0:1 -  -  [29/Jan/2015:01:48:28 +0000] "GET /admin/modules/BlueBoxMonitor/icon.png HTTP/1.1" 200 3659 
0:0:0:0:0:0:0:1 -  -  [29/Jan/2015:01:48:28 +0000] "GET /admin/modules/ZoneMonitor/icon.png HTTP/1.1" 200 3290 
0:0:0:0:0:0:0:1 -  -  [29/Jan/2015:01:48:28 +0000] "GET /admin/modules/LogViewer/icon.png HTTP/1.1" 200 4141 
0:0:0:0:0:0:0:1 -  -  [29/Jan/2015:01:48:28 +0000] "GET /admin/modules/BanManager/icon.png HTTP/1.1" 200 3386 
0:0:0:0:0:0:0:1 -  -  [29/Jan/2015:01:48:29 +0000] "GET /admin/modules/ExtensionManager/icon.png HTTP/1.1" 200 5558 
0:0:0:0:0:0:0:1 -  -  [29/Jan/2015:01:48:29 +0000] "GET /admin/modules/ZoneConfigurator/icon.png HTTP/1.1" 200 1947 
0:0:0:0:0:0:0:1 -  -  [29/Jan/2015:01:48:29 +0000] "GET /admin/modules/ServerConfigurator/icon.png HTTP/1.1" 200 2608 
0:0:0:0:0:0:0:1 -  -  [29/Jan/2015:01:48:29 +0000] "GET /admin/modules/Analytics/icon.png HTTP/1.1" 200 3467 
0:0:0:0:0:0:0:1 -  -  [29/Jan/2015:01:48:29 +0000] "GET /admin/modules/LicenseManager/icon.png HTTP/1.1" 200 1555 
0:0:0:0:0:0:0:1 -  -  [29/Jan/2015:01:48:56 +0000] "GET /admin/modules/BlueBoxMonitor/BlueBoxMonitor.swf?v=1.5.0 HTTP/1.1" 200 48157 
0:0:0:0:0:0:0:1 -  -  [29/Jan/2015:01:49:01 +0000] "GET /admin/modules/ServerConfigurator/ServerConfigurator.swf?v=1.5.0 HTTP/1.1" 200 88111 
0:0:0:0:0:0:0:1 -  -  [29/Jan/2015:01:49:03 +0000] "GET /admin/assets/icons/tabs/general.png HTTP/1.1" 200 947 
0:0:0:0:0:0:0:1 -  -  [29/Jan/2015:01:49:03 +0000] "GET /admin/assets/icons/tabs/banManager.png HTTP/1.1" 200 1003 
0:0:0:0:0:0:0:1 -  -  [29/Jan/2015:01:49:03 +0000] "GET /admin/assets/icons/tabs/hTML5WebSockets.png HTTP/1.1" 200 993 
0:0:0:0:0:0:0:1 -  -  [29/Jan/2015:01:49:03 +0000] "GET /admin/assets/icons/tabs/mailer.png HTTP/1.1" 200 725 
0:0:0:0:0:0:0:1 -  -  [29/Jan/2015:01:49:03 +0000] "GET /admin/assets/icons/tabs/adobeFlashPlayer.png HTTP/1.1" 200 823 
0:0:0:0:0:0:0:1 -  -  [29/Jan/2015:01:49:03 +0000] "GET /admin/assets/icons/tabs/analytics.png HTTP/1.1" 200 827 
0:0:0:0:0:0:0:1 -  -  [29/Jan/2015:01:49:03 +0000] "GET /admin/assets/icons/tabs/webServer.png HTTP/1.1" 200 467 
0:0:0:0:0:0:0:1 -  -  [29/Jan/2015:01:49:03 +0000] "GET /admin/assets/icons/tabs/remoteAdmin.png HTTP/1.1" 200 872 
0:0:0:0:0:0:0:1 -  -  [29/Jan/2015:01:49:03 +0000] "GET /admin/assets/icons/tabs/iPFilter.png HTTP/1.1" 200 571 
0:0:0:0:0:0:0:1 -  -  [29/Jan/2015:01:49:03 +0000] "GET /admin/assets/icons/tabs/threadPools.png HTTP/1.1" 200 1108 
0:0:0:0:0:0:0:1 -  -  [29/Jan/2015:01:49:03 +0000] "GET /admin/assets/icons/tabs/jVMSettings.png HTTP/1.1" 200 685 
0:0:0:0:0:0:0:1 -  -  [29/Jan/2015:01:57:46 +0000] "GET /admin/modules/LicenseManager/LicenseManager.swf?v=1.5.0 HTTP/1.1" 200 54574 
0:0:0:0:0:0:0:1 -  -  [29/Jan/2015:01:57:51 +0000] "GET /admin/modules/BanManager/BanManager.swf?v=1.5.0 HTTP/1.1" 200 88607 
0:0:0:0:0:0:0:1 -  -  [29/Jan/2015:01:58:07 +0000] "GET /admin/modules/ZoneMonitor/ZoneMonitor.swf?v=1.5.0 HTTP/1.1" 200 542631 
0:0:0:0:0:0:0:1 -  -  [29/Jan/2015:01:58:57 +0000] "GET /admin/modules/ZoneConfigurator/ZoneConfigurator.swf?v=1.5.0 HTTP/1.1" 200 97113 
0:0:0:0:0:0:0:1 -  -  [29/Jan/2015:01:59:00 +0000] "GET /admin/assets/icons/tabs/advanced.png HTTP/1.1" 200 874 
0:0:0:0:0:0:0:1 -  -  [29/Jan/2015:01:59:00 +0000] "GET /admin/assets/icons/tabs/wordsFilter.png HTTP/1.1" 200 790 
0:0:0:0:0:0:0:1 -  -  [29/Jan/2015:01:59:00 +0000] "GET /admin/assets/icons/tabs/floodFilter.png HTTP/1.1" 200 827 
0:0:0:0:0:0:0:1 -  -  [29/Jan/2015:01:59:00 +0000] "GET /admin/assets/icons/tabs/zoneExtension.png HTTP/1.1" 200 737 
0:0:0:0:0:0:0:1 -  -  [29/Jan/2015:01:59:00 +0000] "GET /admin/assets/icons/tabs/databaseManager.png HTTP/1.1" 200 677 
0:0:0:0:0:0:0:1 -  -  [29/Jan/2015:01:59:00 +0000] "GET /admin/assets/icons/tabs/buddyList.png HTTP/1.1" 200 850 
0:0:0:0:0:0:0:1 -  -  [29/Jan/2015:01:59:00 +0000] "GET /admin/assets/icons/tabs/privilegeManager.png HTTP/1.1" 200 666 
0:0:0:0:0:0:0:1 -  -  [29/Jan/2015:02:28:03 +0000] "GET /admin/modules/Dashboard/Dashboard.swf?v=1.5.0 HTTP/1.1" 200 185924 
0:0:0:0:0:0:0:1 -  -  [29/Jan/2015:02:28:08 +0000] "GET /admin/modules/BlueBoxMonitor/BlueBoxMonitor.swf?v=1.5.0 HTTP/1.1" 200 48157 
0:0:0:0:0:0:0:1 -  -  [29/Jan/2015:02:28:10 +0000] "GET /admin/modules/Analytics/Analytics.swf?v=1.5.0 HTTP/1.1" 200 770168 
0:0:0:0:0:0:0:1 -  -  [29/Jan/2015:02:28:18 +0000] "GET /admin/modules/ExtensionManager/ExtensionManager.swf?v=1.5.0 HTTP/1.1" 200 170424 
0:0:0:0:0:0:0:1 -  -  [29/Jan/2015:02:28:24 +0000] "GET /admin/modules/ServerConfigurator/ServerConfigurator.swf?v=1.5.0 HTTP/1.1" 200 88111 
0:0:0:0:0:0:0:1 -  -  [29/Jan/2015:02:28:25 +0000] "GET /admin/assets/icons/tabs/general.png HTTP/1.1" 200 947 
0:0:0:0:0:0:0:1 -  -  [29/Jan/2015:02:28:25 +0000] "GET /admin/assets/icons/tabs/banManager.png HTTP/1.1" 200 1003 
0:0:0:0:0:0:0:1 -  -  [29/Jan/2015:02:28:25 +0000] "GET /admin/assets/icons/tabs/iPFilter.png HTTP/1.1" 200 571 
0:0:0:0:0:0:0:1 -  -  [29/Jan/2015:02:28:25 +0000] "GET /admin/assets/icons/tabs/webServer.png HTTP/1.1" 200 467 
0:0:0:0:0:0:0:1 -  -  [29/Jan/2015:02:28:25 +0000] "GET /admin/assets/icons/tabs/hTML5WebSockets.png HTTP/1.1" 200 993 
0:0:0:0:0:0:0:1 -  -  [29/Jan/2015:02:28:25 +0000] "GET /admin/assets/icons/tabs/analytics.png HTTP/1.1" 200 827 
0:0:0:0:0:0:0:1 -  -  [29/Jan/2015:02:28:25 +0000] "GET /admin/assets/icons/tabs/mailer.png HTTP/1.1" 200 725 
0:0:0:0:0:0:0:1 -  -  [29/Jan/2015:02:28:25 +0000] "GET /admin/assets/icons/tabs/remoteAdmin.png HTTP/1.1" 200 872 
0:0:0:0:0:0:0:1 -  -  [29/Jan/2015:02:28:25 +0000] "GET /admin/assets/icons/tabs/adobeFlashPlayer.png HTTP/1.1" 200 823 
0:0:0:0:0:0:0:1 -  -  [29/Jan/2015:02:28:25 +0000] "GET /admin/assets/icons/tabs/jVMSettings.png HTTP/1.1" 200 685 
0:0:0:0:0:0:0:1 -  -  [29/Jan/2015:02:28:25 +0000] "GET /admin/assets/icons/tabs/threadPools.png HTTP/1.1" 200 1108 
0:0:0:0:0:0:0:1 -  -  [29/Jan/2015:02:29:45 +0000] "GET / HTTP/1.1" 200 4021 
0:0:0:0:0:0:0:1 -  -  [29/Jan/2015:02:29:45 +0000] "GET /_css_/reset.css HTTP/1.1" 200 977 
0:0:0:0:0:0:0:1 -  -  [29/Jan/2015:02:29:45 +0000] "GET /_css_/default.css HTTP/1.1" 200 2466 
0:0:0:0:0:0:0:1 -  -  [29/Jan/2015:02:29:45 +0000] "GET /_images_/logo_smartfoxserver.png HTTP/1.1" 200 16072 
0:0:0:0:0:0:0:1 -  -  [29/Jan/2015:02:29:45 +0000] "GET /_images_/background_logo.png HTTP/1.1" 200 44521 
0:0:0:0:0:0:0:1 -  -  [29/Jan/2015:02:29:45 +0000] "GET /_images_/background_gradient.png HTTP/1.1" 200 1217 
0:0:0:0:0:0:0:1 -  -  [29/Jan/2015:02:29:45 +0000] "GET /_images_/favicon.png HTTP/1.1" 200 794 
0:0:0:0:0:0:0:1 -  -  [29/Jan/2015:02:30:08 +0000] "GET /deploy HTTP/1.1" 302 - 
0:0:0:0:0:0:0:1 -  -  [29/Jan/2015:02:30:08 +0000] "GET /deploy/ HTTP/1.1" 403 296 
0:0:0:0:0:0:0:1 -  -  [29/Jan/2015:02:30:08 +0000] "GET /favicon.ico HTTP/1.1" 200 1150 
0:0:0:0:0:0:0:1 -  -  [29/Jan/2015:02:30:22 +0000] "GET /deploy/AvatarChat.sw HTTP/1.1" 404 309 
0:0:0:0:0:0:0:1 -  -  [29/Jan/2015:02:30:24 +0000] "GET /deploy/AvatarChat.swf HTTP/1.1" 200 237022 
0:0:0:0:0:0:0:1 -  -  [29/Jan/2015:02:30:25 +0000] "GET /deploy/sfs-config.xml HTTP/1.1" 200 508 
0:0:0:0:0:0:0:1 -  -  [29/Jan/2015:02:32:08 +0000] "GET /admin/modules/ZoneMonitor/ZoneMonitor.swf?v=1.5.0 HTTP/1.1" 200 542631 
0:0:0:0:0:0:0:1 -  -  [29/Jan/2015:02:32:19 +0000] "GET /admin/assets/icons/tabs/roomsAndGroups.png HTTP/1.1" 200 672 
0:0:0:0:0:0:0:1 -  -  [29/Jan/2015:02:32:19 +0000] "GET /admin/assets/icons/tabs/buddyProperties.png HTTP/1.1" 200 713 
0:0:0:0:0:0:0:1 -  -  [29/Jan/2015:02:33:28 +0000] "GET /deploy/AvatarChat.swf HTTP/1.1" 304 - 
0:0:0:0:0:0:0:1 -  -  [29/Jan/2015:02:34:09 +0000] "GET /deploy/AvatarChat.swf HTTP/1.1" 304 - 
0:0:0:0:0:0:0:1 -  -  [29/Jan/2015:02:34:32 +0000] "GET /admin/modules/BanManager/BanManager.swf?v=1.5.0 HTTP/1.1" 200 88607 
0:0:0:0:0:0:0:1 -  -  [29/Jan/2015:02:35:19 +0000] "GET /admin/modules/ZoneConfigurator/ZoneConfigurator.swf?v=1.5.0 HTTP/1.1" 200 97113 
0:0:0:0:0:0:0:1 -  -  [29/Jan/2015:02:35:24 +0000] "GET /admin/assets/icons/tabs/zoneExtension.png HTTP/1.1" 200 737 
0:0:0:0:0:0:0:1 -  -  [29/Jan/2015:02:35:24 +0000] "GET /admin/assets/icons/tabs/databaseManager.png HTTP/1.1" 200 677 
0:0:0:0:0:0:0:1 -  -  [29/Jan/2015:02:35:24 +0000] "GET /admin/assets/icons/tabs/privilegeManager.png HTTP/1.1" 200 666 
0:0:0:0:0:0:0:1 -  -  [29/Jan/2015:02:35:24 +0000] "GET /admin/assets/icons/tabs/buddyList.png HTTP/1.1" 200 850 
0:0:0:0:0:0:0:1 -  -  [29/Jan/2015:02:35:24 +0000] "GET /admin/assets/icons/tabs/advanced.png HTTP/1.1" 200 874 
0:0:0:0:0:0:0:1 -  -  [29/Jan/2015:02:35:24 +0000] "GET /admin/assets/icons/tabs/floodFilter.png HTTP/1.1" 200 827 
0:0:0:0:0:0:0:1 -  -  [29/Jan/2015:02:35:24 +0000] "GET /admin/assets/icons/tabs/wordsFilter.png HTTP/1.1" 200 790 
0:0:0:0:0:0:0:1 -  -  [29/Jan/2015:03:01:28 +0000] "GET /admin/modules/Dashboard/Dashboard.swf?v=1.5.0 HTTP/1.1" 200 185924 
0:0:0:0:0:0:0:1 -  -  [29/Jan/2015:03:01:33 +0000] "GET /admin/modules/ZoneMonitor/ZoneMonitor.swf?v=1.5.0 HTTP/1.1" 200 542631 
0:0:0:0:0:0:0:1 -  -  [29/Jan/2015:04:23:44 +0000] "GET /AvatarChat.swf HTTP/1.1" 404 303 
0:0:0:0:0:0:0:1 -  -  [29/Jan/2015:04:23:46 +0000] "GET /favicon.ico HTTP/1.1" 200 1150 
0:0:0:0:0:0:0:1 -  -  [29/Jan/2015:04:23:52 +0000] "GET /game.html HTTP/1.1" 404 298 
0:0:0:0:0:0:0:1 -  -  [29/Jan/2015:04:23:57 +0000] "GET /AvatarChat.html HTTP/1.1" 404 304 
0:0:0:0:0:0:0:1 -  -  [29/Jan/2015:04:24:29 +0000] "GET /deploy/AvatarChat.html HTTP/1.1" 200 2041 
0:0:0:0:0:0:0:1 -  -  [29/Jan/2015:04:24:29 +0000] "GET /deploy/AvatarChat.swf HTTP/1.1" 200 239998 
0:0:0:0:0:0:0:1 -  -  [29/Jan/2015:04:24:30 +0000] "GET /deploy/sfs-config.xml HTTP/1.1" 200 508 
0:0:0:0:0:0:0:1 -  -  [29/Jan/2015:17:21:08 +0000] "GET / HTTP/1.1" 200 4021 
0:0:0:0:0:0:0:1 -  -  [29/Jan/2015:17:21:08 +0000] "GET /_css_/default.css HTTP/1.1" 200 2466 
0:0:0:0:0:0:0:1 -  -  [29/Jan/2015:17:21:08 +0000] "GET /_css_/reset.css HTTP/1.1" 200 977 
0:0:0:0:0:0:0:1 -  -  [29/Jan/2015:17:21:08 +0000] "GET /_images_/logo_smartfoxserver.png HTTP/1.1" 200 16072 
0:0:0:0:0:0:0:1 -  -  [29/Jan/2015:17:21:09 +0000] "GET /_images_/background_gradient.png HTTP/1.1" 200 1217 
0:0:0:0:0:0:0:1 -  -  [29/Jan/2015:17:21:09 +0000] "GET /_images_/background_logo.png HTTP/1.1" 200 44521 
0:0:0:0:0:0:0:1 -  -  [29/Jan/2015:17:21:09 +0000] "GET /_images_/favicon.png HTTP/1.1" 200 794 
0:0:0:0:0:0:0:1 -  -  [29/Jan/2015:17:21:10 +0000] "GET /admin/ HTTP/1.1" 200 5560 
0:0:0:0:0:0:0:1 -  -  [29/Jan/2015:17:21:11 +0000] "GET /admin/swfobject.js HTTP/1.1" 200 25574 
0:0:0:0:0:0:0:1 -  -  [29/Jan/2015:17:21:11 +0000] "GET /admin/AdminTool.swf?v=1.5.0 HTTP/1.1" 200 656451 
0:0:0:0:0:0:0:1 -  -  [29/Jan/2015:17:21:12 +0000] "GET /admin/modules/config.xml?v=1.5.0 HTTP/1.1" 200 1442 
0:0:0:0:0:0:0:1 -  -  [29/Jan/2015:17:25:11 +0000] "GET /deploy/AvatarChat.swf HTTP/1.1" 304 - 
0:0:0:0:0:0:0:1 -  -  [29/Jan/2015:17:30:52 +0000] "GET /deploy/AvatarChat.html HTTP/1.1" 304 - 
0:0:0:0:0:0:0:1 -  -  [29/Jan/2015:17:40:15 +0000] "GET /mmo HTTP/1.1" 302 - 
0:0:0:0:0:0:0:1 -  -  [29/Jan/2015:17:40:15 +0000] "GET /mmo/ HTTP/1.1" 403 293 
0:0:0:0:0:0:0:1 -  -  [29/Jan/2015:17:40:16 +0000] "GET /favicon.ico HTTP/1.1" 200 1150 
0:0:0:0:0:0:0:1 -  -  [29/Jan/2015:17:40:25 +0000] "GET /mmo/SimpleMMOWorld.swf HTTP/1.1" 200 507932 
0:0:0:0:0:0:0:1 -  -  [29/Jan/2015:17:40:28 +0000] "GET /mmo/sfs-config.xml HTTP/1.1" 200 509 
0:0:0:0:0:0:0:1 -  -  [29/Jan/2015:17:40:46 +0000] "GET /mmo/SimpleMMOWorld.swf HTTP/1.1" 304 - 
0:0:0:0:0:0:0:1 -  -  [29/Jan/2015:17:44:22 +0000] "GET /mmo/SimpleMMOWorld.swf HTTP/1.1" 200 510183 
0:0:0:0:0:0:0:1 -  -  [29/Jan/2015:17:56:14 +0000] "GET /mmo/SimpleMMOWorld.swf HTTP/1.1" 304 - 
0:0:0:0:0:0:0:1 -  -  [29/Jan/2015:17:56:16 +0000] "GET /mmo/lol.swf HTTP/1.1" 200 510310 
0:0:0:0:0:0:0:1 -  -  [29/Jan/2015:17:57:20 +0000] "GET /mmo/lol.swf HTTP/1.1" 200 510310 
0:0:0:0:0:0:0:1 -  -  [29/Jan/2015:17:57:20 +0000] "GET /favicon.ico HTTP/1.1" 200 1150 
0:0:0:0:0:0:0:1 -  -  [29/Jan/2015:17:57:41 +0000] "GET /mmo/sfs-config.xml HTTP/1.1" 200 509 
0:0:0:0:0:0:0:1 -  -  [29/Jan/2015:17:57:48 +0000] "GET /mmo/lol.swf HTTP/1.1" 304 - 
